2017-02-13 09:24:43 INFO  Menu:20 - start app
2017-02-13 09:25:43 INFO  Menu:20 - start app
2017-02-13 09:26:57 INFO  Menu:20 - start app
2017-02-13 09:28:10 INFO  Registration:46 - register user: login
2017-02-13 09:28:10 INFO  Menu:20 - start app
2017-02-13 09:28:25 INFO  Menu:20 - start app
2017-02-13 09:29:29 INFO  Menu:20 - start app
2017-02-13 09:29:45 INFO  Utility:110 - log as user: login
2017-02-13 09:29:45 INFO  Menu:20 - start app
2017-02-13 14:30:05 INFO  Menu:20 - start app
2017-02-13 14:39:22 INFO  Menu:20 - start app
2017-02-13 14:40:47 INFO  Menu:20 - start app
2017-02-13 14:42:42 INFO  Menu:20 - start app
2017-02-13 14:43:26 INFO  Menu:20 - start app
2017-02-13 14:43:55 INFO  Menu:20 - start app
2017-02-13 14:53:44 INFO  MainMenu:20 - start app
2017-02-13 14:56:07 INFO  MainMenu:20 - start app
2017-02-13 15:24:49 INFO  MainMenu:20 - start app
2017-02-13 15:45:31 INFO  MainMenu:20 - start app
2017-02-13 15:46:50 INFO  MainMenu:20 - start app
2017-02-13 15:47:05 INFO  MainMenu:20 - start app
2017-02-14 16:20:30 INFO  MainMenu:24 - start app
2017-02-14 16:20:50 INFO  MainMenu:24 - start app
2017-02-14 16:21:15 INFO  MainMenu:24 - start app
2017-02-14 16:22:30 INFO  MainMenu:24 - start app
2017-02-14 16:22:45 INFO  MainMenu:24 - start app
2017-02-14 16:23:09 INFO  MainMenu:24 - start app
2017-02-14 17:32:28 INFO  MainMenu:24 - start app
2017-02-14 17:33:08 INFO  MainMenu:24 - start app
2017-02-14 17:33:20 INFO  MainMenu:24 - start app
2017-02-14 17:33:42 INFO  MainMenu:24 - start app
2017-02-14 17:34:13 INFO  MainMenu:24 - start app
2017-02-14 17:34:40 INFO  MainMenu:24 - start app
2017-02-14 17:34:44 INFO  MainMenu:33 - exit
2017-02-14 17:39:05 INFO  MainMenu:24 - start app
2017-02-14 17:39:38 INFO  MainMenu:25 - start app
2017-02-14 17:39:55 INFO  MainMenu:25 - start app
2017-02-14 17:40:22 INFO  MainMenu:25 - start app
2017-02-14 17:40:55 INFO  MainMenu:25 - start app
2017-02-14 17:41:09 INFO  MainMenu:34 - exit
2017-02-22 03:11:40 INFO  Menu:22 - start app
2017-02-22 03:14:05 INFO  Menu:22 - start app
2017-02-22 03:16:05 INFO  Menu:22 - start app
2017-02-22 03:16:08 INFO  Menu:31 - exit
2017-02-22 03:16:13 INFO  Menu:22 - start app
2017-02-22 03:25:01 INFO  Menu:22 - start app
2017-02-22 03:28:27 INFO  Menu:22 - start app
2017-02-22 03:38:36 INFO  Menu:22 - start app
2017-02-22 03:39:07 INFO  Menu:22 - start app
2017-02-22 11:53:24 INFO  Menu:22 - start app
2017-02-22 11:57:35 INFO  Menu:22 - start app
2017-02-22 11:59:15 INFO  Menu:22 - start app
2017-02-22 12:00:39 INFO  Menu:22 - start app
2017-02-22 12:06:48 INFO  Menu:22 - start app
2017-02-22 12:07:38 INFO  Menu:22 - start app
2017-02-22 12:12:20 INFO  Menu:22 - start app
2017-02-22 12:13:24 INFO  Menu:22 - start app
2017-02-22 12:16:47 INFO  Menu:22 - start app
2017-02-22 12:17:03 INFO  Menu:22 - start app
2017-02-22 12:18:00 INFO  Menu:22 - start app
2017-02-22 12:19:39 INFO  Menu:22 - start app
2017-02-22 12:20:33 INFO  Menu:22 - start app
2017-02-22 12:21:20 INFO  Menu:22 - start app
2017-02-22 12:24:10 INFO  Menu:22 - start app
2017-02-22 12:24:49 INFO  Menu:22 - start app
2017-02-22 12:26:18 INFO  Menu:22 - start app
2017-02-22 12:29:15 INFO  Menu:22 - start app
2017-02-22 12:30:10 INFO  Menu:22 - start app
2017-02-22 12:30:58 INFO  Menu:22 - start app
2017-02-22 12:31:28 INFO  Menu:22 - start app
2017-02-22 12:32:32 INFO  Menu:22 - start app
2017-02-22 12:36:45 INFO  Menu:22 - start app
2017-02-22 12:37:02 INFO  Menu:22 - start app
2017-02-22 12:38:32 INFO  Menu:22 - start app
2017-02-22 12:39:28 INFO  Menu:22 - start app
2017-02-22 13:10:41 INFO  Menu:22 - start app
2017-02-22 13:11:01 INFO  Menu:22 - start app
2017-02-22 13:13:40 INFO  Menu:22 - start app
2017-02-22 14:08:16 INFO  Menu:22 - start app
2017-02-22 14:08:21 INFO  Menu:22 - start app
2017-02-22 14:10:13 INFO  Menu:22 - start app
2017-02-22 14:11:53 INFO  Menu:22 - start app
2017-02-22 14:29:48 INFO  Menu:22 - start app
2017-02-22 14:33:00 INFO  Menu:22 - start app
2017-02-22 14:33:42 INFO  Menu:22 - start app
2017-02-22 14:34:21 INFO  Menu:22 - start app
2017-02-22 14:39:59 INFO  Menu:22 - start app
2017-02-22 14:40:08 INFO  Menu:22 - start app
2017-02-22 14:40:53 INFO  Menu:22 - start app
2017-02-22 14:41:31 INFO  Menu:22 - start app
2017-02-22 14:42:39 INFO  Menu:22 - start app
2017-02-22 14:42:46 INFO  Menu:22 - start app
2017-02-22 14:43:31 INFO  Menu:22 - start app
2017-02-22 14:43:42 INFO  Menu:22 - start app
2017-02-22 14:44:09 INFO  Menu:22 - start app
2017-02-22 14:44:29 INFO  Menu:22 - start app
2017-02-22 14:45:17 INFO  Menu:22 - start app
2017-02-22 14:50:35 INFO  Menu:22 - start app
2017-02-22 14:51:39 INFO  Menu:22 - start app
2017-02-22 14:53:40 INFO  Menu:22 - start app
2017-02-22 14:54:13 INFO  Menu:22 - start app
2017-02-22 14:54:30 INFO  Menu:22 - start app
2017-02-22 15:01:55 INFO  Menu:22 - start app
2017-02-22 15:03:11 INFO  Menu:22 - start app
2017-02-22 15:03:49 INFO  Menu:22 - start app
2017-02-22 15:11:40 INFO  Menu:22 - start app
2017-02-22 15:11:49 INFO  Menu:31 - exit
2017-02-22 15:12:47 INFO  Menu:22 - start app
2017-02-22 15:13:42 INFO  Menu:22 - start app
2017-02-22 15:14:59 INFO  Menu:22 - start app
2017-02-22 15:19:43 INFO  Menu:22 - start app
2017-02-22 15:20:26 INFO  Menu:22 - start app
2017-02-22 15:21:43 INFO  Menu:22 - start app
2017-02-22 15:21:54 INFO  Menu:22 - start app
2017-02-22 15:22:14 INFO  Menu:22 - start app
2017-02-22 15:22:22 INFO  Menu:31 - exit
2017-02-22 15:23:16 INFO  Menu:22 - start app
2017-02-22 15:23:25 INFO  Menu:22 - start app
2017-02-22 15:23:48 INFO  Menu:22 - start app
2017-02-22 15:23:57 INFO  Menu:31 - exit
<<<<<<< HEAD
2017-02-23 20:48:52 INFO  Menu:22 - start app
2017-02-23 20:54:45 INFO  Menu:22 - start app
2017-02-23 20:57:21 INFO  Menu:22 - start app
2017-02-23 20:57:48 INFO  Menu:31 - exit
2017-02-27 15:39:46 INFO  Menu:22 - start app
2017-02-27 15:40:56 INFO  Menu:22 - start app
2017-02-27 15:42:21 INFO  Menu:22 - start app
2017-02-27 15:43:53 INFO  Menu:22 - start app
2017-02-27 15:46:04 INFO  Menu:22 - start app
2017-02-27 15:46:58 INFO  Menu:22 - start app
2017-02-27 15:47:22 INFO  Menu:22 - start app
2017-02-27 15:47:59 INFO  Menu:22 - start app
2017-02-27 15:48:39 INFO  Menu:22 - start app
2017-02-27 15:50:00 INFO  Menu:22 - start app
2017-02-27 15:56:04 INFO  Menu:22 - start app
2017-02-27 15:59:00 INFO  Menu:22 - start app
2017-02-27 15:59:51 INFO  Menu:22 - start app
2017-02-27 16:01:14 INFO  Menu:22 - start app
2017-02-27 16:01:54 INFO  Menu:22 - start app
2017-02-27 16:19:41 INFO  Menu:28 - start app
2017-02-27 16:19:59 INFO  Menu:28 - start app
2017-02-27 16:20:09 INFO  Menu:28 - start app
2017-02-27 16:20:13 INFO  Menu:42 - exit
2017-02-27 16:21:46 INFO  Menu:28 - start app
2017-02-27 16:22:37 INFO  Menu:28 - start app
2017-02-27 16:25:30 INFO  Menu:28 - start app
2017-02-27 16:26:42 INFO  Menu:28 - start app
2017-02-27 16:27:07 INFO  Menu:28 - start app
2017-02-27 16:28:00 INFO  Menu:28 - start app
2017-02-27 16:28:19 INFO  Menu:28 - start app
2017-02-27 16:29:36 INFO  Menu:42 - exit
=======
2017-02-27 13:06:59 INFO  Menu:22 - start app
2017-02-27 13:07:11 INFO  Menu:31 - exit
>>>>>>> 86cacdbd4bbf943542a6050d1bc5f86645130ea5
2017-02-27 19:14:20 INFO  Menu:29 - start app
2017-02-27 19:16:56 INFO  Menu:29 - start app
2017-02-27 19:18:06 INFO  Menu:29 - start app
2017-02-27 19:19:37 INFO  Menu:29 - start app
2017-02-28 14:38:37 INFO  Menu:27 - start app
2017-02-28 14:38:41 INFO  Menu:43 - exit
2017-03-02 16:58:02 INFO  Menu:27 - start app
2017-03-02 17:26:44 INFO  Menu:27 - start app
2017-03-02 17:27:09 INFO  Menu:43 - exit
2017-03-02 17:28:35 INFO  Menu:27 - start app
2017-03-02 19:32:17 INFO  Menu:27 - start app
2017-03-02 19:32:21 INFO  Menu:43 - exit
2017-03-03 15:49:28 INFO  Menu:27 - start app
2017-03-03 16:33:22 INFO  Menu:27 - start app
2017-03-03 16:33:28 INFO  Menu:43 - exit
2017-03-04 00:11:04 INFO  Menu:28 - start app
2017-03-04 00:35:15 INFO  Menu:28 - start app
2017-03-04 00:44:27 INFO  Menu:49 - exit
2017-03-04 00:48:36 INFO  Menu:28 - start app
2017-03-04 00:52:06 INFO  Menu:28 - start app
2017-03-04 01:01:56 INFO  Menu:28 - start app
2017-03-04 15:36:55 INFO  Menu:28 - start app
2017-03-04 15:43:15 INFO  Menu:44 - exit
2017-03-04 17:56:53 INFO  Menu:28 - start app
2017-03-04 18:02:06 INFO  Menu:50 - exit
2017-03-04 19:07:45 INFO  Menu:28 - start app
2017-03-04 19:09:00 INFO  Menu:50 - exit
2017-03-04 19:34:07 INFO  Menu:28 - start app
2017-03-04 19:47:01 INFO  Menu:50 - exit
2017-03-04 20:06:31 INFO  Menu:28 - start app
2017-03-04 20:12:40 INFO  Menu:50 - exit
2017-03-04 20:19:37 INFO  Menu:28 - start app
2017-03-04 20:20:52 INFO  Menu:50 - exit
2017-03-04 20:27:54 INFO  Menu:28 - start app
2017-03-04 20:29:00 INFO  Menu:50 - exit
2017-03-04 20:35:25 INFO  Menu:28 - start app
2017-03-04 20:36:33 INFO  Menu:50 - exit
2017-03-04 20:45:53 INFO  Menu:28 - start app
2017-03-04 20:47:11 INFO  Menu:50 - exit
2017-03-04 20:52:13 INFO  Menu:28 - start app
2017-03-04 20:53:14 INFO  Menu:50 - exit
2017-03-04 22:24:21 INFO  Menu:28 - start app
2017-03-04 22:31:58 INFO  Menu:50 - exit
2017-03-04 22:53:32 INFO  Menu:28 - start app
2017-03-08 19:32:49 INFO  AccountFactory:69 - New TRANSFER Account created by 0
2017-03-08 19:34:20 INFO  AccountFactory:71 - New TRANSFER Account created by 123123
2017-03-08 21:02:50 INFO  AccountFactory:71 - New TRANSFER Account №: l*m]L?O-N4hVeUA29 created by 123123
2017-03-08 21:40:19 INFO  AccountFactory:71 - New TRANSFER Account №: (s2qq)w/8Gbe?[ created by 123123
2017-03-08 21:40:33 INFO  AccountFactory:71 - New TRANSFER Account №: fBL38n.PP created by 123123
2017-03-08 21:40:38 INFO  AccountFactory:71 - New TRANSFER Account №: /qs[7"3glZ created by 123123
2017-03-08 21:42:40 INFO  AccountFactory:71 - New TRANSFER Account №: ;hgPq<V"NRGIc created by 123123
2017-03-08 21:43:51 INFO  AccountFactory:71 - New TRANSFER Account №: zQ|BC}.n=:A] created by 123123
2017-03-08 21:45:26 INFO  AccountFactory:71 - New TRANSFER Account №: 6PQT"CYr%U:9Jp created by 123123
2017-03-08 21:46:40 INFO  AccountFactory:71 - New TRANSFER Account №: \_j8_jC5:XV created by 123123
2017-03-09 15:44:54 INFO  Menu:28 - start app
2017-03-09 15:48:44 INFO  Menu:28 - start app
2017-03-09 15:50:26 INFO  AccountFactory:72 - New DEPOSIT Account №: QZ$onABXSVc created by 123124
2017-03-09 15:50:45 INFO  AccountFactory:72 - New TRANSFER Account №: ?jZJZF90UO7 created by 123124
2017-03-09 16:12:23 INFO  Menu:27 - start app
2017-03-09 16:23:17 INFO  Menu:27 - start app
2017-03-19 13:58:53 INFO  Menu:27 - start app
2017-03-19 14:03:17 INFO  AccountFactory:61 - New DEPOSIT Account №: $h1wZk5f|p] created by 123125
2017-03-19 14:11:36 INFO  Menu:27 - start app
2017-03-19 14:21:22 INFO  Menu:27 - start app
2017-03-19 14:26:10 INFO  Menu:27 - start app
2017-03-19 14:26:30 INFO  Menu:27 - start app
2017-03-19 14:27:06 INFO  AccountFactory:97 - User 123125 changed Account $h1wZk5f|p] Status to$h1wZk5f|p]
2017-03-19 14:27:21 INFO  AccountFactory:97 - User 123125 changed Account $h1wZk5f|p] Status to$h1wZk5f|p]
2017-03-19 14:27:54 INFO  AccountFactory:97 - User 123125 changed Account [BatQR{. Status to[BatQR{.
2017-03-19 14:28:21 INFO  AccountFactory:97 - User 123125 changed Account [BatQR{. Status to[BatQR{.
2017-03-19 14:30:02 INFO  Menu:27 - start app
2017-03-19 14:33:50 INFO  XmlBeanDefinitionReader:163 - Loading XML bean definitions from class path resource [appconfig.xml]
2017-03-19 14:46:05 INFO  Menu:27 - start app
2017-03-19 14:46:30 INFO  AccountFactory:61 - New TRANSFER Account №: X!msPx7#R~`"pg.`1E created by 123125
2017-03-19 14:47:03 INFO  AccountFactory:61 - New TRANSFER Account №: &}{`|lSU created by 123125
2017-03-19 14:48:14 INFO  Menu:27 - start app
2017-03-19 14:48:36 INFO  AccountFactory:61 - New TRANSFER Account №: I%.xbV|"se3nYEE created by 123125
2017-03-19 16:30:24 INFO  Menu:27 - start app
2017-03-19 16:30:56 ERROR AccountFactory:43 - TRANSFER Transfer Account was not created by 123125 because user has one already.
2017-03-19 16:32:39 INFO  Menu:27 - start app
2017-03-19 16:34:06 INFO  AccountFactory:61 - New TRANSFER Account №: F#<Bhg<$HjIV" created by 123124
2017-03-19 16:34:13 ERROR AccountFactory:43 - TRANSFER Transfer Account was not created by 123124 because user has one already.
2017-03-20 15:56:56 INFO  Menu:27 - start app
2017-03-20 16:02:58 INFO  Menu:27 - start app
